Unity Editor version:    2022.3.20f1 (61c2feb0970d)
Branch:                  2022.3/release
Build type:              Release
Batch mode:              YES
macOS version:           Version 10.14.6 (Build 18G9323)
Darwin version:          18.7.0
Architecture:            x86_64
Running under Rosetta:   NO
Available memory:        8192 MB
Using pre-set license
Pro License: YES

COMMAND LINE ARGUMENTS:
/Applications/Unity/Hub/Editor/2022.3.20f1/Unity.app/Contents/MacOS/Unity
-adb2
-batchMode
-noUpm
-name
AssetImportWorker2
-projectPath
/Users/imac/Documents/GitHub/drive-with-nick-jones
-logFile
Logs/AssetImportWorker2.log
-srvPort
51101
Successfully changed project path to: /Users/imac/Documents/GitHub/drive-with-nick-jones
/Users/imac/Documents/GitHub/drive-with-nick-jones
[UnityMemory] Configuration Parameters - Can be set up in boot.config
    "memorysetup-bucket-allocator-granularity=16"
    "memorysetup-bucket-allocator-bucket-count=8"
    "memorysetup-bucket-allocator-block-size=33554432"
    "memorysetup-bucket-allocator-block-count=8"
    "memorysetup-main-allocator-block-size=16777216"
    "memorysetup-thread-allocator-block-size=16777216"
    "memorysetup-gfx-main-allocator-block-size=16777216"
    "memorysetup-gfx-thread-allocator-block-size=16777216"
    "memorysetup-cache-allocator-block-size=4194304"
    "memorysetup-typetree-allocator-block-size=2097152"
    "memorysetup-profiler-bucket-allocator-granularity=16"
    "memorysetup-profiler-bucket-allocator-bucket-count=8"
    "memorysetup-profiler-bucket-allocator-block-size=33554432"
    "memorysetup-profiler-bucket-allocator-block-count=8"
    "memorysetup-profiler-allocator-block-size=16777216"
    "memorysetup-profiler-editor-allocator-block-size=1048576"
    "memorysetup-temp-allocator-size-main=16777216"
    "memorysetup-job-temp-allocator-block-size=2097152"
    "memorysetup-job-temp-allocator-block-size-background=1048576"
    "memorysetup-job-temp-allocator-reduction-small-platforms=262144"
    "memorysetup-allocator-temp-initial-block-size-main=262144"
    "memorysetup-allocator-temp-initial-block-size-worker=262144"
    "memorysetup-temp-allocator-size-background-worker=32768"
    "memorysetup-temp-allocator-size-job-worker=262144"
    "memorysetup-temp-allocator-size-preload-manager=33554432"
    "memorysetup-temp-allocator-size-nav-mesh-worker=65536"
    "memorysetup-temp-allocator-size-audio-worker=65536"
    "memorysetup-temp-allocator-size-cloud-worker=32768"
    "memorysetup-temp-allocator-size-gi-baking-worker=262144"
    "memorysetup-temp-allocator-size-gfx=262144"
Player connection [4536214976] Host "[IP] 192.168.1.207 [Port] 0 [Flags] 2 [Guid] 3118207885 [EditorId] 3118207885 [Version] 1048832 [Id] OSXEditor(0,iMac-Imac.lan) [Debug] 1 [PackageName] OSXEditor [ProjectName] Editor" joined multi-casting on [225.0.0.222:54997]...

Player connection [4536214976] Host "[IP] 192.168.1.207 [Port] 0 [Flags] 2 [Guid] 3118207885 [EditorId] 3118207885 [Version] 1048832 [Id] OSXEditor(0,iMac-Imac.lan) [Debug] 1 [PackageName] OSXEditor [ProjectName] Editor" joined alternative multi-casting on [225.0.0.222:34997]...

[Physics::Module] Initialized MultithreadedJobDispatcher with 3 workers.
Refreshing native plugins compatible for Editor in 61.70 ms, found 2 plugins.
Preloading 0 native plugins for Editor in 0.00 ms.
Initialize engine version: 2022.3.20f1 (61c2feb0970d)
[Subsystems] Discovering subsystems at path /Applications/Unity/Hub/Editor/2022.3.20f1/Unity.app/Contents/Resources/UnitySubsystems
[Subsystems] Discovering subsystems at path /Users/imac/Documents/GitHub/drive-with-nick-jones/Assets
GfxDevice: creating device client; threaded=0; jobified=0
iMac preferred device: NVIDIA GeForce GT 640M (high power)
Metal devices available: 1
0: NVIDIA GeForce GT 640M (high power)
Using device NVIDIA GeForce GT 640M (high power)
Initializing Metal device caps: NVIDIA GeForce GT 640M
Initialize mono
Mono path[0] = '/Applications/Unity/Hub/Editor/2022.3.20f1/Unity.app/Contents/Managed'
Mono path[1] = '/Applications/Unity/Hub/Editor/2022.3.20f1/Unity.app/Contents/MonoBleedingEdge/lib/mono/unityjit-macos'
Mono config path = '/Applications/Unity/Hub/Editor/2022.3.20f1/Unity.app/Contents/MonoBleedingEdge/etc'
Using monoOptions --debugger-agent=transport=dt_socket,embedding=1,server=y,suspend=n,address=127.0.0.1:56696
Begin MonoManager ReloadAssembly
Registering precompiled unity dll's ...
Register platform support module: /Applications/Unity/Hub/Editor/2022.3.20f1/Unity.app/Contents/PlaybackEngines/MacStandaloneSupport/UnityEditor.OSXStandalone.Extensions.dll
Register platform support module: /Applications/Unity/Hub/Editor/2022.3.20f1/PlaybackEngines/AndroidPlayer/UnityEditor.Android.Extensions.dll
Registered in 0.006328 seconds.
- Loaded All Assemblies, in  0.972 seconds
Native extension for Android target not found
Android Extension - Scanning For ADB Devices 102 ms
Native extension for OSXStandalone target not found
Mono: successfully reloaded assembly
- Finished resetting the current domain, in  0.947 seconds
Domain Reload Profiling: 1919ms
	BeginReloadAssembly (357ms)
		ExecutionOrderSort (0ms)
		DisableScriptedObjects (0ms)
		BackupInstance (0ms)
		ReleaseScriptingObjects (0ms)
		CreateAndSetChildDomain (1ms)
	RebuildCommonClasses (91ms)
	RebuildNativeTypeToScriptingClass (30ms)
	initialDomainReloadingComplete (123ms)
	LoadAllAssembliesAndSetupDomain (371ms)
		LoadAssemblies (366ms)
		RebuildTransferFunctionScriptingTraits (0ms)
		AnalyzeDomain (357ms)
			TypeCache.Refresh (353ms)
				TypeCache.ScanAssembly (326ms)
			ScanForSourceGeneratedMonoScriptInfo (1ms)
			ResolveRequiredComponents (1ms)
	FinalizeReload (947ms)
		ReleaseScriptCaches (0ms)
		RebuildScriptCaches (0ms)
		SetupLoadedEditorAssemblies (832ms)
			LogAssemblyErrors (0ms)
			InitializePlatformSupportModulesInManaged (428ms)
			SetLoadedEditorAssemblies (7ms)
			RefreshPlugins (0ms)
			BeforeProcessingInitializeOnLoad (4ms)
			ProcessInitializeOnLoadAttributes (307ms)
			ProcessInitializeOnLoadMethodAttributes (85ms)
			AfterProcessingInitializeOnLoad (0ms)
			EditorAssembliesLoaded (0ms)
		ExecutionOrderSort2 (0ms)
		AwakeInstancesAfterBackupRestoration (0ms)
========================================================================
Worker process is ready to serve import requests
Begin MonoManager ReloadAssembly
- Loaded All Assemblies, in  1.904 seconds
Refreshing native plugins compatible for Editor in 4.42 ms, found 2 plugins.
Native extension for Android target not found
Native extension for OSXStandalone target not found
Package Manager log level set to [2]
[Package Manager] Server::EnsureServerProcessIsRunning -- launch failed, reason: Unity was launched with the -noUpm command-line argument
[Package Manager] UpmClient::Send -- Unable to send message (not connected to UPM process).
[Package Manager] Cannot connect to Unity Package Manager local server
Mono: successfully reloaded assembly
[Package Manager] Server::EnsureServerProcessIsRunning -- launch failed, reason: Unity was launched with the -noUpm command-line argument
[Package Manager] UpmClient::Send -- Unable to send message (not connected to UPM process).
[Package Manager] Cannot connect to Unity Package Manager local server
[Package Manager] Server::EnsureServerProcessIsRunning -- launch failed, reason: Unity was launched with the -noUpm command-line argument
[Package Manager] UpmClient::Send -- Unable to send message (not connected to UPM process).
[Package Manager] Cannot connect to Unity Package Manager local server
- Finished resetting the current domain, in  1.877 seconds
Domain Reload Profiling: 3782ms
	BeginReloadAssembly (354ms)
		ExecutionOrderSort (0ms)
		DisableScriptedObjects (12ms)
		BackupInstance (0ms)
		ReleaseScriptingObjects (1ms)
		CreateAndSetChildDomain (64ms)
	RebuildCommonClasses (90ms)
	RebuildNativeTypeToScriptingClass (29ms)
	initialDomainReloadingComplete (88ms)
	LoadAllAssembliesAndSetupDomain (1343ms)
		LoadAssemblies (1040ms)
		RebuildTransferFunctionScriptingTraits (0ms)
		AnalyzeDomain (507ms)
			TypeCache.Refresh (423ms)
				TypeCache.ScanAssembly (389ms)
			ScanForSourceGeneratedMonoScriptInfo (55ms)
			ResolveRequiredComponents (24ms)
	FinalizeReload (1878ms)
		ReleaseScriptCaches (0ms)
		RebuildScriptCaches (0ms)
		SetupLoadedEditorAssemblies (1332ms)
			LogAssemblyErrors (0ms)
			InitializePlatformSupportModulesInManaged (43ms)
			SetLoadedEditorAssemblies (9ms)
			RefreshPlugins (0ms)
			BeforeProcessingInitializeOnLoad (137ms)
			ProcessInitializeOnLoadAttributes (1012ms)
			ProcessInitializeOnLoadMethodAttributes (129ms)
			AfterProcessingInitializeOnLoad (2ms)
			EditorAssembliesLoaded (0ms)
		ExecutionOrderSort2 (0ms)
		AwakeInstancesAfterBackupRestoration (8ms)
Launching external process: /Applications/Unity/Hub/Editor/2022.3.20f1/Unity.app/Contents/Tools/UnityShaderCompiler
Launched and connected shader compiler UnityShaderCompiler after 0.03 seconds
Refreshing native plugins compatible for Editor in 6.36 ms, found 2 plugins.
Preloading 0 native plugins for Editor in 0.00 ms.
Unloading 5197 Unused Serialized files (Serialized files now loaded: 0)
Unloading 78 unused Assets / (396.4 KB). Loaded Objects now: 5646.
Memory consumption went from 346.3 MB to 345.9 MB.
Total: 8.353586 ms (FindLiveObjects: 0.547768 ms CreateObjectMapping: 0.572573 ms MarkObjects: 6.804905 ms  DeleteObjects: 0.425331 ms)

AssetImportParameters requested are different than current active one (requested -> active):
  custom:container-demuxer-ogg: 62fdf1f143b41e24485cea50d1cbac27 -> 
  custom:video-decoder-ogg-theora: a1e56fd34408186e4bbccfd4996cb3dc -> 
  custom:CustomObjectIndexerAttribute: 62b5816608c3102f162a1797e29626cf -> 
  custom:container-demuxer-webm: 4f35f7cbe854078d1ac9338744f61a02 -> 
  custom:container-muxer-webm: aa71ff27fc2769a1b78a27578f13a17b -> 
  custom:video-decoder-webm-vp8: 9c59270c3fd7afecdb556c50c9e8de78 -> 
  custom:SearchIndexIgnoredProperties: e643bd26f0fe6173181afceb89e7c659 -> 
  custom:AudioImporter_EditorPlatform: 3918e3fc78b5a79bad01e8451be0beb8 -> 
  custom:framework-osx-AVFoundation: b23960f63f64bdc6ff669e2cdcee2391 -> 
  custom:video-encoder-webm-vp8: eb34c28f22e8b96e1ab97ce403110664 -> 
  custom:audio-decoder-ogg-vorbis: bf7c407c2cedff20999df2af8eb42d56 -> 
  custom:audio-encoder-webm-vorbis: bf7c407c2cedff20999df2af8eb42d56 -> 
========================================================================
Received Import Request.
  Time since last request: 130824.888972 seconds.
  path: Assets/Materials/Mountain.mat
  artifactKey: Guid(8bba0403c876c4031be9b98f3c7e6cb7) Importer(815301076,1909f56bfc062723c751e8b465ee728b)
Start importing Assets/Materials/Mountain.mat using Guid(8bba0403c876c4031be9b98f3c7e6cb7) Importer(815301076,1909f56bfc062723c751e8b465ee728b)  -> (artifact id: '69c65be20a57889f85019885569e1339') in 0.955283 seconds
Number of updated asset objects reloaded before import = 0
Number of asset objects unloaded after import = 3
========================================================================
Received Import Request.
  Time since last request: 18.396958 seconds.
  path: Assets/Shaders/MountainShader.shadergraph
  artifactKey: Guid(83abdc64574b04819997820cc1af4066) Importer(815301076,1909f56bfc062723c751e8b465ee728b)
Start importing Assets/Shaders/MountainShader.shadergraph using Guid(83abdc64574b04819997820cc1af4066) Importer(815301076,1909f56bfc062723c751e8b465ee728b)  -> (artifact id: '54cb3093f584f7a849b23a057749fce8') in 1.685763 seconds
Number of updated asset objects reloaded before import = 0
Number of asset objects unloaded after import = 3
========================================================================
Received Import Request.
  Time since last request: 78.246800 seconds.
  path: Assets/Shaders/MountainShader.shadergraph
  artifactKey: Guid(83abdc64574b04819997820cc1af4066) Importer(815301076,1909f56bfc062723c751e8b465ee728b)
Start importing Assets/Shaders/MountainShader.shadergraph using Guid(83abdc64574b04819997820cc1af4066) Importer(815301076,1909f56bfc062723c751e8b465ee728b)  -> (artifact id: 'd5fefabf3005d4aca48bdeabcf4194dc') in 1.852452 seconds
Number of updated asset objects reloaded before import = 0
Number of asset objects unloaded after import = 3
========================================================================
Received Import Request.
  Time since last request: 1980.540525 seconds.
  path: Assets/Models/back.fbx
  artifactKey: Guid(6087ea5f6c8ed42dba235e4b7b701ca3) Importer(815301076,1909f56bfc062723c751e8b465ee728b)
Start importing Assets/Models/back.fbx using Guid(6087ea5f6c8ed42dba235e4b7b701ca3) Importer(815301076,1909f56bfc062723c751e8b465ee728b)  -> (artifact id: '6f54f904017fd348d4199e1c5277dbb6') in 0.904486 seconds
Number of updated asset objects reloaded before import = 0
Number of asset objects unloaded after import = 8
========================================================================
Received Import Request.
  Time since last request: 594.188729 seconds.
  path: Assets/Models/back.fbx
  artifactKey: Guid(6087ea5f6c8ed42dba235e4b7b701ca3) Importer(815301076,1909f56bfc062723c751e8b465ee728b)
Start importing Assets/Models/back.fbx using Guid(6087ea5f6c8ed42dba235e4b7b701ca3) Importer(815301076,1909f56bfc062723c751e8b465ee728b)  -> (artifact id: 'b58cd79fc124b2cbe16b4710bdad2225') in 0.562985 seconds
Number of updated asset objects reloaded before import = 0
Number of asset objects unloaded after import = 8
========================================================================
Received Import Request.
  Time since last request: 64.403611 seconds.
  path: Assets/Models/road.fbx
  artifactKey: Guid(8b9eb5b7194324eaa964623be05991f5) Importer(815301076,1909f56bfc062723c751e8b465ee728b)
Start importing Assets/Models/road.fbx using Guid(8b9eb5b7194324eaa964623be05991f5) Importer(815301076,1909f56bfc062723c751e8b465ee728b)  -> (artifact id: 'eb010b4d288db597132f185085b4066c') in 0.461148 seconds
Number of updated asset objects reloaded before import = 0
Number of asset objects unloaded after import = 8
========================================================================
Received Import Request.
  Time since last request: 175.597754 seconds.
  path: Assets/Models/road.fbx
  artifactKey: Guid(8b9eb5b7194324eaa964623be05991f5) Importer(815301076,1909f56bfc062723c751e8b465ee728b)
Start importing Assets/Models/road.fbx using Guid(8b9eb5b7194324eaa964623be05991f5) Importer(815301076,1909f56bfc062723c751e8b465ee728b)  -> (artifact id: '279a42b7a401a8783cac0a4168163921') in 0.488482 seconds
Number of updated asset objects reloaded before import = 0
Number of asset objects unloaded after import = 8
========================================================================
Received Import Request.
  Time since last request: 176.658797 seconds.
  path: Assets/Materials/Mountain.mat
  artifactKey: Guid(8bba0403c876c4031be9b98f3c7e6cb7) Importer(815301076,1909f56bfc062723c751e8b465ee728b)
Start importing Assets/Materials/Mountain.mat using Guid(8bba0403c876c4031be9b98f3c7e6cb7) Importer(815301076,1909f56bfc062723c751e8b465ee728b)  -> (artifact id: '310dbc78180a220bec36dbffc6ccc5f7') in 2.007775 seconds
Number of updated asset objects reloaded before import = 0
Number of asset objects unloaded after import = 3
========================================================================
Received Import Request.
  Time since last request: 4.613876 seconds.
  path: Assets/Materials/New Material.mat
  artifactKey: Guid(f09b285a4238049f180394f3826da935) Importer(815301076,1909f56bfc062723c751e8b465ee728b)
Start importing Assets/Materials/New Material.mat using Guid(f09b285a4238049f180394f3826da935) Importer(815301076,1909f56bfc062723c751e8b465ee728b)  -> (artifact id: 'df7f437f6ba844d70deddf90cd64372b') in 0.122596 seconds
Number of updated asset objects reloaded before import = 0
Number of asset objects unloaded after import = 2
========================================================================
Received Import Request.
  Time since last request: 0.804149 seconds.
  path: Assets/UniversalRenderPipelineGlobalSettings.asset
  artifactKey: Guid(c0624f56b6f01844d86975dba2aadcf0) Importer(815301076,1909f56bfc062723c751e8b465ee728b)
Start importing Assets/UniversalRenderPipelineGlobalSettings.asset using Guid(c0624f56b6f01844d86975dba2aadcf0) Importer(815301076,1909f56bfc062723c751e8b465ee728b)  -> (artifact id: '004765f609174db4d6e644ab4c9c97cb') in 0.001638 seconds
Number of updated asset objects reloaded before import = 0
Number of asset objects unloaded after import = 1
========================================================================
Received Import Request.
  Time since last request: 10.544663 seconds.
  path: Assets/Materials/Car 1.mat
  artifactKey: Guid(3242eba6d53974bf1a97d560438d20ca) Importer(815301076,1909f56bfc062723c751e8b465ee728b)
Start importing Assets/Materials/Car 1.mat using Guid(3242eba6d53974bf1a97d560438d20ca) Importer(815301076,1909f56bfc062723c751e8b465ee728b)  -> (artifact id: 'e0e8668c1c66bfbbfc66bc9374bacb3e') in 0.309944 seconds
Number of updated asset objects reloaded before import = 0
Number of asset objects unloaded after import = 3
========================================================================
Received Import Request.
  Time since last request: 3.318398 seconds.
  path: Assets/Materials/Road.mat
  artifactKey: Guid(3242eba6d53974bf1a97d560438d20ca) Importer(815301076,1909f56bfc062723c751e8b465ee728b)
Start importing Assets/Materials/Road.mat using Guid(3242eba6d53974bf1a97d560438d20ca) Importer(815301076,1909f56bfc062723c751e8b465ee728b)  -> (artifact id: 'b4cc7a9fb225efcc2898e7d56081e841') in 0.270145 seconds
Number of updated asset objects reloaded before import = 0
Number of asset objects unloaded after import = 3
========================================================================
Received Import Request.
  Time since last request: 163.515095 seconds.
  path: Assets/Materials/Road.mat
  artifactKey: Guid(3242eba6d53974bf1a97d560438d20ca) Importer(815301076,1909f56bfc062723c751e8b465ee728b)
Start importing Assets/Materials/Road.mat using Guid(3242eba6d53974bf1a97d560438d20ca) Importer(815301076,1909f56bfc062723c751e8b465ee728b)  -> (artifact id: '1e2fa23bb9f071754ee2efd99938c6fc') in 0.434494 seconds
Number of updated asset objects reloaded before import = 0
Number of asset objects unloaded after import = 3
========================================================================
Received Import Request.
  Time since last request: 116.918117 seconds.
  path: Assets/Materials/Car
  artifactKey: Guid(50f7013c873ad4e8597195810732473e) Importer(815301076,1909f56bfc062723c751e8b465ee728b)
Start importing Assets/Materials/Car using Guid(50f7013c873ad4e8597195810732473e) Importer(815301076,1909f56bfc062723c751e8b465ee728b)  -> (artifact id: '43d25414b24e85cd123e21c184f667e7') in 0.002318 seconds
Number of updated asset objects reloaded before import = 0
Number of asset objects unloaded after import = 0
========================================================================
Received Import Request.
  Time since last request: 26.549644 seconds.
  path: Assets/Materials/Road.mat
  artifactKey: Guid(3242eba6d53974bf1a97d560438d20ca) Importer(815301076,1909f56bfc062723c751e8b465ee728b)
Start importing Assets/Materials/Road.mat using Guid(3242eba6d53974bf1a97d560438d20ca) Importer(815301076,1909f56bfc062723c751e8b465ee728b)  -> (artifact id: '569ee268ffc26cd8c2b5cb5e4a028be5') in 0.242891 seconds
Number of updated asset objects reloaded before import = 0
Number of asset objects unloaded after import = 3
========================================================================
Received Import Request.
  Time since last request: 88.100176 seconds.
  path: Assets/Scenes/Credits.unity
  artifactKey: Guid(ed93bbc16c87f4304bf0405ca41986a3) Importer(815301076,1909f56bfc062723c751e8b465ee728b)
Start importing Assets/Scenes/Credits.unity using Guid(ed93bbc16c87f4304bf0405ca41986a3) Importer(815301076,1909f56bfc062723c751e8b465ee728b)  -> (artifact id: 'd69d703420afb2968a11da6d6f9581da') in 0.000684 seconds
Number of updated asset objects reloaded before import = 0
Number of asset objects unloaded after import = 0
========================================================================
Received Import Request.
  Time since last request: 97.137716 seconds.
  path: Assets/TextMesh Pro/Resources/Fonts & Materials/LiberationSans SDF - Fallback.asset
  artifactKey: Guid(2e498d1c8094910479dc3e1b768306a4) Importer(815301076,1909f56bfc062723c751e8b465ee728b)
Start importing Assets/TextMesh Pro/Resources/Fonts & Materials/LiberationSans SDF - Fallback.asset using Guid(2e498d1c8094910479dc3e1b768306a4) Importer(815301076,1909f56bfc062723c751e8b465ee728b)  -> (artifact id: '4ff01b3e8be8f14a10d58e490ef1eb43') in 0.653412 seconds
Number of updated asset objects reloaded before import = 0
Number of asset objects unloaded after import = 7
========================================================================
Received Import Request.
  Time since last request: 605.187470 seconds.
  path: Assets/Rendering/Universal Render Pipeline Asset.asset
  artifactKey: Guid(0d3e1df1714d871469cedd05625f7bc7) Importer(815301076,1909f56bfc062723c751e8b465ee728b)
Start importing Assets/Rendering/Universal Render Pipeline Asset.asset using Guid(0d3e1df1714d871469cedd05625f7bc7) Importer(815301076,1909f56bfc062723c751e8b465ee728b)  -> (artifact id: '861bb2a3caea014215b206b09192349b') in 0.001894 seconds
Number of updated asset objects reloaded before import = 0
Number of asset objects unloaded after import = 0
========================================================================
Received Import Request.
  Time since last request: 113.449776 seconds.
  path: Assets/Scenes/Gallery.unity
  artifactKey: Guid(0903b5a31b2a64bc696d2402ce5f6f04) Importer(815301076,1909f56bfc062723c751e8b465ee728b)
Start importing Assets/Scenes/Gallery.unity using Guid(0903b5a31b2a64bc696d2402ce5f6f04) Importer(815301076,1909f56bfc062723c751e8b465ee728b)  -> (artifact id: '0a8e1e9d8c3c2310caa91d8dd2c8a0b1') in 0.001829 seconds
Number of updated asset objects reloaded before import = 0
Number of asset objects unloaded after import = 0
========================================================================
Received Import Request.
  Time since last request: 36.587629 seconds.
  path: Assets/TextMesh Pro/Resources/Fonts & Materials/LiberationSans SDF - Fallback.asset
  artifactKey: Guid(2e498d1c8094910479dc3e1b768306a4) Importer(815301076,1909f56bfc062723c751e8b465ee728b)
Start importing Assets/TextMesh Pro/Resources/Fonts & Materials/LiberationSans SDF - Fallback.asset using Guid(2e498d1c8094910479dc3e1b768306a4) Importer(815301076,1909f56bfc062723c751e8b465ee728b)  -> (artifact id: '524c7912482a2ffde8eb97af239939da') in 0.615722 seconds
Number of updated asset objects reloaded before import = 0
Number of asset objects unloaded after import = 7
========================================================================
Received Import Request.
  Time since last request: 10653.372615 seconds.
  path: Assets/Models/road.fbx
  artifactKey: Guid(8b9eb5b7194324eaa964623be05991f5) Importer(815301076,1909f56bfc062723c751e8b465ee728b)
Start importing Assets/Models/road.fbx using Guid(8b9eb5b7194324eaa964623be05991f5) Importer(815301076,1909f56bfc062723c751e8b465ee728b)  -> (artifact id: '56b1d7f33c410edd8331a9586ae536c2') in 0.960888 seconds
Number of updated asset objects reloaded before import = 0
Number of asset objects unloaded after import = 8
========================================================================
Received Import Request.
  Time since last request: 0.550243 seconds.
  path: Assets/Materials/Road.mat
  artifactKey: Guid(3242eba6d53974bf1a97d560438d20ca) Importer(815301076,1909f56bfc062723c751e8b465ee728b)
Start importing Assets/Materials/Road.mat using Guid(3242eba6d53974bf1a97d560438d20ca) Importer(815301076,1909f56bfc062723c751e8b465ee728b)  -> (artifact id: 'b5f0af263f811dd3ac51c2e06ce2cf8e') in 0.575507 seconds
Number of updated asset objects reloaded before import = 0
Number of asset objects unloaded after import = 3
========================================================================
Received Import Request.
  Time since last request: 5.532355 seconds.
  path: Assets/Scenes/Credits.unity
  artifactKey: Guid(ed93bbc16c87f4304bf0405ca41986a3) Importer(815301076,1909f56bfc062723c751e8b465ee728b)
Start importing Assets/Scenes/Credits.unity using Guid(ed93bbc16c87f4304bf0405ca41986a3) Importer(815301076,1909f56bfc062723c751e8b465ee728b)  -> (artifact id: '1d00928eba3c260c8f79c48890e27852') in 0.001572 seconds
Number of updated asset objects reloaded before import = 0
Number of asset objects unloaded after import = 0
========================================================================
Received Import Request.
  Time since last request: 710.600110 seconds.
  path: Assets/Scenes/SampleScene.unity
  artifactKey: Guid(c850ee8c3b14cc8459e7e186857cf567) Importer(815301076,1909f56bfc062723c751e8b465ee728b)
Start importing Assets/Scenes/SampleScene.unity using Guid(c850ee8c3b14cc8459e7e186857cf567) Importer(815301076,1909f56bfc062723c751e8b465ee728b)  -> (artifact id: '8b5e6dad8ad0f79c066197548861d78c') in 0.020860 seconds
Number of updated asset objects reloaded before import = 0
Number of asset objects unloaded after import = 0
========================================================================
Received Import Request.
  Time since last request: 136.146340 seconds.
  path: Assets/Scenes/SampleScene.unity
  artifactKey: Guid(c850ee8c3b14cc8459e7e186857cf567) Importer(815301076,1909f56bfc062723c751e8b465ee728b)
Start importing Assets/Scenes/SampleScene.unity using Guid(c850ee8c3b14cc8459e7e186857cf567) Importer(815301076,1909f56bfc062723c751e8b465ee728b)  -> (artifact id: '82afedee95bfdde13f1a769703bed8f1') in 0.011003 seconds
Number of updated asset objects reloaded before import = 0
Number of asset objects unloaded after import = 0
========================================================================
Received Prepare
Begin MonoManager ReloadAssembly
- Loaded All Assemblies, in  1.984 seconds
Refreshing native plugins compatible for Editor in 4.65 ms, found 2 plugins.
Native extension for Android target not found
Native extension for OSXStandalone target not found
[Package Manager] Server::EnsureServerProcessIsRunning -- launch failed, reason: Unity was launched with the -noUpm command-line argument
[Package Manager] UpmClient::Send -- Unable to send message (not connected to UPM process).
[Package Manager] Cannot connect to Unity Package Manager local server
Mono: successfully reloaded assembly
[Package Manager] Server::EnsureServerProcessIsRunning -- launch failed, reason: Unity was launched with the -noUpm command-line argument
[Package Manager] UpmClient::Send -- Unable to send message (not connected to UPM process).
[Package Manager] Cannot connect to Unity Package Manager local server
- Finished resetting the current domain, in  4.273 seconds
Domain Reload Profiling: 6260ms
	BeginReloadAssembly (1060ms)
		ExecutionOrderSort (0ms)
		DisableScriptedObjects (161ms)
		BackupInstance (0ms)
		ReleaseScriptingObjects (0ms)
		CreateAndSetChildDomain (408ms)
	RebuildCommonClasses (102ms)
	RebuildNativeTypeToScriptingClass (31ms)
	initialDomainReloadingComplete (73ms)
	LoadAllAssembliesAndSetupDomain (717ms)
		LoadAssemblies (1023ms)
		RebuildTransferFunctionScriptingTraits (0ms)
		AnalyzeDomain (51ms)
			TypeCache.Refresh (15ms)
				TypeCache.ScanAssembly (0ms)
			ScanForSourceGeneratedMonoScriptInfo (1ms)
			ResolveRequiredComponents (32ms)
	FinalizeReload (4276ms)
		ReleaseScriptCaches (0ms)
		RebuildScriptCaches (0ms)
		SetupLoadedEditorAssemblies (1611ms)
			LogAssemblyErrors (0ms)
			InitializePlatformSupportModulesInManaged (49ms)
			SetLoadedEditorAssemblies (9ms)
			RefreshPlugins (0ms)
			BeforeProcessingInitializeOnLoad (143ms)
			ProcessInitializeOnLoadAttributes (1254ms)
			ProcessInitializeOnLoadMethodAttributes (153ms)
			AfterProcessingInitializeOnLoad (3ms)
			EditorAssembliesLoaded (0ms)
		ExecutionOrderSort2 (0ms)
		AwakeInstancesAfterBackupRestoration (26ms)
Refreshing native plugins compatible for Editor in 6.55 ms, found 2 plugins.
Preloading 0 native plugins for Editor in 0.00 ms.
Unloading 5039 Unused Serialized files (Serialized files now loaded: 0)
Unloading 53 unused Assets / (362.7 KB). Loaded Objects now: 5735.
Memory consumption went from 322.0 MB to 321.6 MB.
Total: 27.647924 ms (FindLiveObjects: 0.709110 ms CreateObjectMapping: 0.541820 ms MarkObjects: 26.080614 ms  DeleteObjects: 0.314558 ms)

Prepare: number of updated asset objects reloaded= 0
AssetImportParameters requested are different than current active one (requested -> active):
  custom:container-demuxer-ogg: 62fdf1f143b41e24485cea50d1cbac27 -> 
  custom:video-decoder-ogg-theora: a1e56fd34408186e4bbccfd4996cb3dc -> 
  custom:CustomObjectIndexerAttribute: 62b5816608c3102f162a1797e29626cf -> 
  custom:container-demuxer-webm: 4f35f7cbe854078d1ac9338744f61a02 -> 
  custom:container-muxer-webm: aa71ff27fc2769a1b78a27578f13a17b -> 
  custom:video-decoder-webm-vp8: 9c59270c3fd7afecdb556c50c9e8de78 -> 
  custom:SearchIndexIgnoredProperties: e643bd26f0fe6173181afceb89e7c659 -> 
  custom:AudioImporter_EditorPlatform: 3918e3fc78b5a79bad01e8451be0beb8 -> 
  custom:framework-osx-AVFoundation: b23960f63f64bdc6ff669e2cdcee2391 -> 
  custom:video-encoder-webm-vp8: eb34c28f22e8b96e1ab97ce403110664 -> 
  custom:audio-decoder-ogg-vorbis: bf7c407c2cedff20999df2af8eb42d56 -> 
  custom:audio-encoder-webm-vorbis: bf7c407c2cedff20999df2af8eb42d56 -> 
TcpMessagingSession - receive error
AssetImportWorkerClient::OnTransportError - code=2 error=End of file
